2022-03-05 19:07:58,983:INFO:Total company list : 115
2022-03-05 19:07:58,984:INFO:Change in dictionary.
2022-03-05 19:07:58,984:INFO:No change in baseline list.
2022-03-05 19:07:58,984:INFO:Companies in M12 list, new from baseline list:['Wallaroo', 'Palm NFT Studio']
2022-03-05 19:09:20,254:INFO:Total company list : 115
2022-03-05 19:09:20,255:INFO:Change in dictionary.
2022-03-05 19:09:20,255:INFO:No change in baseline list.
2022-03-05 19:09:20,255:INFO:Companies in M12 list, new from baseline list:['Wallaroo', 'Palm NFT Studio']
2022-03-11 17:33:56,577:INFO:Total company list : 115
2022-03-11 17:33:56,578:INFO:Change in dictionary.
2022-03-11 17:33:56,578:INFO:No change in baseline list.
2022-03-11 17:33:56,578:INFO:Companies in M12 list, new from baseline list:['Palm NFT Studio', 'Wallaroo']
2022-03-18 17:34:14,749:INFO:Total company list : 115
2022-03-18 17:34:14,749:INFO:Change in dictionary.
2022-03-18 17:34:14,749:INFO:No change in baseline list.
2022-03-18 17:34:14,749:INFO:Companies in M12 list, new from baseline list:['Palm NFT Studio', 'Wallaroo']
2022-03-25 17:34:51,845:INFO:Total company list : 116
2022-03-25 17:34:51,845:INFO:Change in dictionary.
2022-03-25 17:34:51,845:INFO:No change in baseline list.
2022-03-25 17:34:51,845:INFO:Companies in M12 list, new from baseline list:['Palm NFT Studio', 'Karlsgate', 'Wallaroo']
2022-04-01 17:36:16,088:INFO:Total company list : 117
2022-04-01 17:36:16,089:INFO:Change in dictionary.
2022-04-01 17:36:16,089:INFO:No change in baseline list.
2022-04-01 17:36:16,089:INFO:Companies in M12 list, new from baseline list:['Wallaroo', 'Kooply', 'Karlsgate', 'Palm NFT Studio']
2022-04-08 17:36:59,777:INFO:Total company list : 117
2022-04-08 17:36:59,778:INFO:Change in dictionary.
2022-04-08 17:36:59,778:INFO:No change in baseline list.
2022-04-08 17:36:59,778:INFO:Companies in M12 list, new from baseline list:['Kooply', 'Palm NFT Studio', 'Karlsgate', 'Wallaroo']
2022-04-15 17:36:21,311:INFO:Total company list : 117
2022-04-15 17:36:21,311:INFO:Change in dictionary.
2022-04-15 17:36:21,311:INFO:No change in baseline list.
2022-04-15 17:36:21,311:INFO:Companies in M12 list, new from baseline list:['Wallaroo', 'Kooply', 'Palm NFT Studio', 'Karlsgate']
2022-04-22 17:38:52,671:INFO:Total company list : 119
2022-04-22 17:38:52,671:INFO:Change in dictionary.
2022-04-22 17:38:52,671:INFO:No change in baseline list.
2022-04-22 17:38:52,671:INFO:Companies in M12 list, new from baseline list:['Kooply', 'SalesKen', 'Palm NFT Studio', 'Karlsgate', 'Wallaroo', 'd-Matrix']
2022-04-29 17:36:53,747:INFO:Total company list : 120
2022-04-29 17:36:53,747:INFO:Change in dictionary.
2022-04-29 17:36:53,747:INFO:No change in baseline list.
2022-04-29 17:36:53,747:INFO:Companies in M12 list, new from baseline list:['Wallaroo', 'd-Matrix', 'SalesKen', 'MedMe', 'Kooply', 'Palm NFT Studio', 'Karlsgate']
2022-05-06 17:37:51,502:INFO:Total company list : 120
2022-05-06 17:37:51,502:INFO:Change in dictionary.
2022-05-06 17:37:51,502:INFO:No change in baseline list.
2022-05-06 17:37:51,502:INFO:Companies in M12 list, new from baseline list:['MedMe', 'SalesKen', 'Palm NFT Studio', 'Kooply', 'Wallaroo', 'd-Matrix', 'Karlsgate']
2022-05-13 17:39:19,170:INFO:Total company list : 120
2022-05-13 17:39:19,170:INFO:Change in dictionary.
2022-05-13 17:39:19,170:INFO:No change in baseline list.
2022-05-13 17:39:19,170:INFO:Companies in M12 list, new from baseline list:['MedMe', 'd-Matrix', 'Wallaroo', 'Kooply', 'Palm NFT Studio', 'SalesKen', 'Karlsgate']
2022-05-20 17:37:41,890:INFO:Total company list : 121
2022-05-20 17:37:41,891:INFO:Change in dictionary.
2022-05-20 17:37:41,891:INFO:No change in baseline list.
2022-05-20 17:37:41,891:INFO:Companies in M12 list, new from baseline list:['MedMe', 'Wallaroo', 'Kooply', 'd-Matrix', 'Code Ocean', 'Karlsgate', 'SalesKen', 'Palm NFT Studio']
2022-05-27 17:38:34,920:INFO:Total company list : 121
2022-05-27 17:38:34,920:INFO:Change in dictionary.
2022-05-27 17:38:34,920:INFO:No change in baseline list.
2022-05-27 17:38:34,920:INFO:Companies in M12 list, new from baseline list:['Palm NFT Studio', 'Code Ocean', 'Karlsgate', 'Kooply', 'Wallaroo', 'd-Matrix', 'MedMe', 'SalesKen']
2022-06-03 17:33:23,810:INFO:Total company list : 121
2022-06-03 17:33:23,811:INFO:Change in dictionary.
2022-06-03 17:33:23,811:INFO:No change in baseline list.
2022-06-03 17:33:23,811:INFO:Companies in M12 list, new from baseline list:['Wallaroo', 'd-Matrix', 'Kooply', 'SalesKen', 'Code Ocean', 'Karlsgate', 'Palm NFT Studio', 'MedMe']
2022-06-03 13:59:17,462:INFO:Total company list : 121
2022-06-03 13:59:17,470:INFO:Change in dictionary.
2022-06-03 13:59:17,470:INFO:No change in baseline list.
2022-06-03 13:59:17,470:INFO:Companies in M12 list, new from baseline list:['Wallaroo', 'MedMe', 'SalesKen', 'Code Ocean', 'Palm NFT Studio', 'Karlsgate', 'd-Matrix', 'Kooply']
2022-06-03 21:50:54,454:INFO:Total company list : 121
2022-06-03 21:50:54,455:INFO:Change in dictionary.
2022-06-03 21:50:54,455:INFO:No change in baseline list.
2022-06-03 21:50:54,455:INFO:Companies in M12 list, new from baseline list:['Karlsgate', 'Palm NFT Studio', 'Code Ocean', 'Kooply', 'SalesKen', 'Wallaroo', 'd-Matrix', 'MedMe']
2022-06-03 21:54:46,053:INFO:Total company list : 121
2022-06-03 21:54:46,054:INFO:Change in dictionary.
2022-06-03 21:54:46,054:INFO:No change in baseline list.
2022-06-03 21:54:46,054:INFO:Companies in M12 list, new from baseline list:['MedMe', 'Wallaroo', 'Kooply', 'Code Ocean', 'd-Matrix', 'Karlsgate', 'Palm NFT Studio', 'SalesKen']
2022-06-10 17:35:56,103:INFO:Total company list : 121
2022-06-10 17:35:56,104:INFO:Change in dictionary.
2022-06-10 17:35:56,104:INFO:No change in baseline list.
2022-06-10 17:35:56,104:INFO:Companies in M12 list, new from baseline list:['d-Matrix', 'Kooply', 'Palm NFT Studio', 'Code Ocean', 'MedMe', 'SalesKen', 'Karlsgate', 'Wallaroo']
2022-06-17 17:34:38,258:INFO:Total company list : 121
2022-06-17 17:34:38,259:INFO:Change in dictionary.
2022-06-17 17:34:38,259:INFO:No change in baseline list.
2022-06-17 17:34:38,259:INFO:Companies in M12 list, new from baseline list:['Code Ocean', 'Wallaroo', 'MedMe', 'SalesKen', 'Palm NFT Studio', 'Kooply', 'd-Matrix', 'Karlsgate']
2022-06-24 17:35:52,664:INFO:Total company list : 121
2022-06-24 17:35:52,664:INFO:Change in dictionary.
2022-06-24 17:35:52,665:INFO:No change in baseline list.
2022-06-24 17:35:52,665:INFO:Companies in M12 list, new from baseline list:['d-Matrix', 'Palm NFT Studio', 'SalesKen', 'Kooply', 'MedMe', 'Wallaroo', 'Code Ocean', 'Karlsgate']
2022-07-01 17:36:15,084:INFO:Total company list : 121
2022-07-01 17:36:15,085:INFO:Change in dictionary.
2022-07-01 17:36:15,085:INFO:No change in baseline list.
2022-07-01 17:36:15,085:INFO:Companies in M12 list, new from baseline list:['Code Ocean', 'SalesKen', 'MedMe', 'Kooply', 'Palm NFT Studio', 'Karlsgate', 'Wallaroo', 'd-Matrix']
2022-07-08 17:38:59,277:INFO:Total company list : 121
2022-07-08 17:38:59,278:INFO:Change in dictionary.
2022-07-08 17:38:59,278:INFO:No change in baseline list.
2022-07-08 17:38:59,278:INFO:Companies in M12 list, new from baseline list:['d-Matrix', 'MedMe', 'SalesKen', 'Kooply', 'Code Ocean', 'Palm NFT Studio', 'Karlsgate', 'Wallaroo']
2022-07-15 17:40:26,765:INFO:Total company list : 121
2022-07-15 17:40:26,766:INFO:Change in dictionary.
2022-07-15 17:40:26,766:INFO:No change in baseline list.
2022-07-15 17:40:26,766:INFO:Companies in M12 list, new from baseline list:['Palm NFT Studio', 'Code Ocean', 'Wallaroo', 'd-Matrix', 'SalesKen', 'Karlsgate', 'MedMe', 'Kooply']
2022-07-22 17:38:48,795:INFO:Total company list : 121
2022-07-22 17:38:48,796:INFO:Change in dictionary.
2022-07-22 17:38:48,796:INFO:No change in baseline list.
2022-07-22 17:38:48,796:INFO:Companies in M12 list, new from baseline list:['d-Matrix', 'SalesKen', 'Karlsgate', 'MedMe', 'Wallaroo', 'Code Ocean', 'Kooply', 'Palm NFT Studio']
2022-07-29 17:37:05,239:INFO:Total company list : 121
2022-07-29 17:37:05,240:INFO:Change in dictionary.
2022-07-29 17:37:05,240:INFO:No change in baseline list.
2022-07-29 17:37:05,240:INFO:Companies in M12 list, new from baseline list:['Wallaroo', 'd-Matrix', 'Karlsgate', 'MedMe', 'Palm NFT Studio', 'Code Ocean', 'Kooply', 'SalesKen']
2022-08-05 17:38:54,928:INFO:Total company list : 121
2022-08-05 17:38:54,929:INFO:Change in dictionary.
2022-08-05 17:38:54,929:INFO:No change in baseline list.
2022-08-05 17:38:54,929:INFO:Companies in M12 list, new from baseline list:['SalesKen', 'MedMe', 'Palm NFT Studio', 'd-Matrix', 'Kooply', 'Wallaroo', 'Karlsgate', 'Code Ocean']
2022-08-12 17:37:41,786:INFO:Total company list : 121
2022-08-12 17:37:41,787:INFO:Change in dictionary.
2022-08-12 17:37:41,787:INFO:No change in baseline list.
2022-08-12 17:37:41,787:INFO:Companies in M12 list, new from baseline list:['Kooply', 'Karlsgate', 'Code Ocean', 'Wallaroo', 'SalesKen', 'MedMe', 'Palm NFT Studio', 'd-Matrix']
2022-08-19 17:38:15,662:INFO:Total company list : 121
2022-08-19 17:38:15,663:INFO:Change in dictionary.
2022-08-19 17:38:15,663:INFO:No change in baseline list.
2022-08-19 17:38:15,663:INFO:Companies in M12 list, new from baseline list:['Karlsgate', 'd-Matrix', 'SalesKen', 'Wallaroo', 'Kooply', 'MedMe', 'Code Ocean', 'Palm NFT Studio']
2022-08-26 17:36:50,922:INFO:Total company list : 122
2022-08-26 17:36:50,922:INFO:Change in dictionary.
2022-08-26 17:36:50,923:INFO:No change in baseline list.
2022-08-26 17:36:50,923:INFO:Companies in M12 list, new from baseline list:['Wallaroo', 'Palm NFT Studio', 'SalesKen', 'Code Ocean', 'Kooply', 'Karlsgate', 'Inworld', 'MedMe', 'd-Matrix']
2022-09-02 17:37:04,755:INFO:Total company list : 122
2022-09-02 17:37:04,756:INFO:Change in dictionary.
2022-09-02 17:37:04,756:INFO:No change in baseline list.
2022-09-02 17:37:04,756:INFO:Companies in M12 list, new from baseline list:['SalesKen', 'Wallaroo', 'd-Matrix', 'Inworld', 'Palm NFT Studio', 'MedMe', 'Karlsgate', 'Kooply', 'Code Ocean']
2022-09-09 17:38:47,615:INFO:Total company list : 122
2022-09-09 17:38:47,616:INFO:Change in dictionary.
2022-09-09 17:38:47,616:INFO:No change in baseline list.
2022-09-09 17:38:47,616:INFO:Companies in M12 list, new from baseline list:['MedMe', 'Inworld', 'Karlsgate', 'SalesKen', 'Wallaroo', 'Palm NFT Studio', 'Code Ocean', 'Kooply', 'd-Matrix']
2022-09-16 17:42:37,631:INFO:Total company list : 122
2022-09-16 17:42:37,632:INFO:Change in dictionary.
2022-09-16 17:42:37,632:INFO:No change in baseline list.
2022-09-16 17:42:37,632:INFO:Companies in M12 list, new from baseline list:['MedMe', 'SalesKen', 'd-Matrix', 'Karlsgate', 'Palm NFT Studio', 'Inworld', 'Kooply', 'Wallaroo', 'Code Ocean']
2022-09-23 17:41:29,688:INFO:Total company list : 122
2022-09-23 17:41:29,688:INFO:Change in dictionary.
2022-09-23 17:41:29,688:INFO:No change in baseline list.
2022-09-23 17:41:29,688:INFO:Companies in M12 list, new from baseline list:['Inworld', 'Kooply', 'd-Matrix', 'MedMe', 'Palm NFT Studio', 'Code Ocean', 'SalesKen', 'Karlsgate', 'Wallaroo']
2022-09-30 17:43:07,404:INFO:Total company list : 122
2022-09-30 17:43:07,404:INFO:Change in dictionary.
2022-09-30 17:43:07,404:INFO:No change in baseline list.
2022-09-30 17:43:07,404:INFO:Companies in M12 list, new from baseline list:['Kooply', 'Inworld', 'Palm NFT Studio', 'MedMe', 'd-Matrix', 'Wallaroo', 'SalesKen', 'Code Ocean', 'Karlsgate']
2022-10-07 17:44:43,138:INFO:Total company list : 122
2022-10-07 17:44:43,138:INFO:Change in dictionary.
2022-10-07 17:44:43,138:INFO:No change in baseline list.
2022-10-07 17:44:43,138:INFO:Companies in M12 list, new from baseline list:['SalesKen', 'Karlsgate', 'Palm NFT Studio', 'Code Ocean', 'MedMe', 'Kooply', 'd-Matrix', 'Wallaroo', 'Inworld']
2022-10-14 17:41:25,793:INFO:Total company list : 122
2022-10-14 17:41:25,794:INFO:Change in dictionary.
2022-10-14 17:41:25,794:INFO:No change in baseline list.
2022-10-14 17:41:25,794:INFO:Companies in M12 list, new from baseline list:['SalesKen', 'Wallaroo', 'Kooply', 'MedMe', 'Karlsgate', 'Code Ocean', 'd-Matrix', 'Inworld', 'Palm NFT Studio']
2022-10-21 17:42:13,492:INFO:Total company list : 122
2022-10-21 17:42:13,492:INFO:Change in dictionary.
2022-10-21 17:42:13,492:INFO:Companies in baseline list no longer in M12 list:['Tact']
2022-10-21 17:42:13,492:INFO:Companies in M12 list, new from baseline list:['Kooply', 'd-Matrix', 'Karlsgate', 'Palm NFT Studio', 'Code Ocean', 'Inworld', 'SalesKen', 'Tact.ai', 'Wallaroo', 'MedMe']
2022-10-28 17:37:55,138:INFO:Total company list : 122
2022-10-28 17:37:55,139:INFO:Change in dictionary.
2022-10-28 17:37:55,139:INFO:Companies in baseline list no longer in M12 list:['Tact']
2022-10-28 17:37:55,139:INFO:Companies in M12 list, new from baseline list:['Inworld', 'MedMe', 'SalesKen', 'Karlsgate', 'Palm NFT Studio', 'Kooply', 'Code Ocean', 'd-Matrix', 'Tact.ai', 'Wallaroo']
2022-11-04 17:36:26,307:INFO:Total company list : 126
2022-11-04 17:36:26,308:INFO:Change in dictionary.
2022-11-04 17:36:26,308:INFO:Companies in baseline list no longer in M12 list:['Tact']
2022-11-04 17:36:26,308:INFO:Companies in M12 list, new from baseline list:['Tact.ai', 'Theom', 'MedMe', 'Kooply', 'Wallaroo', 'd-Matrix', 'Karlsgate', 'Insite AI', 'SalesKen', 'Code Ocean', 'Space and Time', 'Palm NFT Studio', 'OX Security', 'Inworld']
2022-11-11 17:36:23,867:INFO:Total company list : 127
2022-11-11 17:36:23,868:INFO:Change in dictionary.
2022-11-11 17:36:23,868:INFO:Companies in baseline list no longer in M12 list:['Tact']
2022-11-11 17:36:23,868:INFO:Companies in M12 list, new from baseline list:['Kooply', 'Tact.ai', 'Karlsgate', 'SalesKen', 'Space and Time', 'd-Matrix', 'OX Security', 'Insite AI', 'Inworld', 'Palm NFT Studio', 'Theom', 'Wallaroo', 'Code Ocean', 'MedMe', 'modl.ai']
2022-11-18 17:34:22,651:INFO:Total company list : 127
2022-11-18 17:34:22,651:INFO:Change in dictionary.
2022-11-18 17:34:22,651:INFO:Companies in baseline list no longer in M12 list:['Tact']
2022-11-18 17:34:22,651:INFO:Companies in M12 list, new from baseline list:['Karlsgate', 'modl.ai', 'Insite AI', 'd-Matrix', 'Space and Time', 'Kooply', 'Code Ocean', 'Inworld', 'MedMe', 'SalesKen', 'Theom', 'Tact.ai', 'OX Security', 'Palm NFT Studio', 'Wallaroo']
2022-11-25 17:33:01,344:INFO:Total company list : 127
2022-11-25 17:33:01,345:INFO:Change in dictionary.
2022-11-25 17:33:01,345:INFO:Companies in baseline list no longer in M12 list:['Tact']
2022-11-25 17:33:01,345:INFO:Companies in M12 list, new from baseline list:['Code Ocean', 'OX Security', 'Kooply', 'Wallaroo', 'd-Matrix', 'Karlsgate', 'Space and Time', 'Tact.ai', 'SalesKen', 'Theom', 'MedMe', 'Inworld', 'modl.ai', 'Insite AI', 'Palm NFT Studio']
2022-12-02 17:32:45,221:INFO:Total company list : 127
2022-12-02 17:32:45,221:INFO:Change in dictionary.
2022-12-02 17:32:45,222:INFO:Companies in baseline list no longer in M12 list:['Tact']
2022-12-02 17:32:45,222:INFO:Companies in M12 list, new from baseline list:['Palm NFT Studio', 'Code Ocean', 'OX Security', 'Insite AI', 'SalesKen', 'd-Matrix', 'Theom', 'Wallaroo', 'Tact.ai', 'Space and Time', 'Kooply', 'MedMe', 'modl.ai', 'Karlsgate', 'Inworld']
2022-12-09 17:32:42,389:INFO:Total company list : 127
2022-12-09 17:32:42,389:INFO:Change in dictionary.
2022-12-09 17:32:42,389:INFO:Companies in baseline list no longer in M12 list:['Tact']
2022-12-09 17:32:42,390:INFO:Companies in M12 list, new from baseline list:['Palm NFT Studio', 'Wallaroo', 'Kooply', 'Karlsgate', 'Code Ocean', 'Inworld', 'SalesKen', 'OX Security', 'modl.ai', 'MedMe', 'Space and Time', 'Tact.ai', 'Insite AI', 'Theom', 'd-Matrix']
2022-12-16 17:32:40,179:INFO:Total company list : 0
2022-12-16 17:32:40,179:INFO:Change in dictionary.
2022-12-16 17:32:40,179:INFO:Companies in baseline list no longer in M12 list:['Artificial', 'At-Bay', 'Paxata', 'Hazy', 'PandaDoc', 'Evisort', 'GroundTruth', 'RapidSOS', 'Mental Canvas', 'Aqua', 'Zencity', 'Agolo', 'Dynamic Signal', 'Split', 'env0', 'Tact', 'Unbabel', 'ecomedes', 'Deployed', 'Twenty Billion Neurons', 'Livongo', 'Codefresh', 'CognitiveScale', 'Unravel', 'Kahoot!', 'Andor Health', 'Innovaccer', 'Airobotics', 'Databook', 'GO1', 'Prevedere', 'LottieFiles', 'Loggi', 'iLoF', 'Make.TV', 'Comfy', 'PsiQuantum', 'Trusona', 'Webee', 'CloudSimple', 'HYAS', 'Bonsai', 'Comtravo', 'Envisagenics', 'Directly', 'FarEye', 'Outreach', 'WhiteSource', 'Synack', 'CNEXLabs', 'Voiceitt', 'Voicea', 'Acerta', 'Pod Foods', 'SpyCloud', 'Authomize', 'LoginRadius', 'ClearMotion', 'Element AI', 'Frame', 'NextBillion.ai', 'Xsight Labs', 'Onfido', 'Scuba', '1910 Genetics', 'Helpshift', 'Skedulo', 'Voodle', 'Team8', 'Beamery', 'Pickit', 'Huue', 'Cooler Screens', 'Figure Eight', 'Vertical Aerospace', 'Pachyderm', 'SuperAwesome', 'Rescale', 'Zipwhip', 'BlueVine', 'blackshark.ai', 'inVia Robotics', 'Truepic', 'WorkSpan', 'Bakkt', 'Wandelbots', 'Evinced', 'Illusive Networks', 'i3 Equity Partners', 'Venture Out', 'Regrow', 'Volterra', 'WorkBoard', 'Markforged', 'Hunters', 'nsKnox', 'Webiny', 'Applied Intuition', 'Parabol', 'AirMap', 'Syntiant', 'Arkose Labs', 'Incorta', 'Private AI', 'Netradyne', 'RapidAPI', 'Definely', 'Memgraph', 'FortressIQ', 'GrowthSpace', 'Nanofabrica', 'Contrast Security', 'Nautilus Labs']
2022-12-16 17:32:40,179:INFO:Companies in M12 list, new from baseline list:[]
2022-12-23 17:32:38,053:INFO:Total company list : 0
2022-12-23 17:32:38,053:INFO:Change in dictionary.
2022-12-23 17:32:38,053:INFO:Companies in baseline list no longer in M12 list:['Truepic', 'Bakkt', 'RapidAPI', 'i3 Equity Partners', 'PsiQuantum', 'Synack', 'Parabol', 'Deployed', 'Databook', 'GO1', 'Hazy', 'Codefresh', 'Dynamic Signal', 'SuperAwesome', 'Helpshift', 'Paxata', 'Voicea', 'Rescale', 'WorkSpan', 'Xsight Labs', 'Outreach', 'BlueVine', 'Frame', 'Markforged', 'Authomize', 'Acerta', '1910 Genetics', 'Onfido', 'Beamery', 'Hunters', 'WhiteSource', 'Webee', 'Scuba', 'ClearMotion', 'Arkose Labs', 'Regrow', 'Pickit', 'Memgraph', 'Evinced', 'Livongo', 'PandaDoc', 'Netradyne', 'Pod Foods', 'CloudSimple', 'Wandelbots', 'nsKnox', 'Huue', 'RapidSOS', 'HYAS', 'Cooler Screens', 'inVia Robotics', 'ecomedes', 'AirMap', 'Directly', 'CognitiveScale', 'Voiceitt', 'At-Bay', 'Nanofabrica', 'Comtravo', 'Aqua', 'Syntiant', 'WorkBoard', 'Tact', 'Unbabel', 'Element AI', 'Figure Eight', 'NextBillion.ai', 'Prevedere', 'Bonsai', 'Team8', 'Comfy', 'Illusive Networks', 'Agolo', 'blackshark.ai', 'Mental Canvas', 'Venture Out', 'Artificial', 'CNEXLabs', 'Pachyderm', 'Definely', 'GroundTruth', 'Contrast Security', 'Evisort', 'Innovaccer', 'Voodle', 'Nautilus Labs', 'Applied Intuition', 'Zipwhip', 'Twenty Billion Neurons', 'Kahoot!', 'FortressIQ', 'Zencity', 'env0', 'Andor Health', 'Volterra', 'Incorta', 'Split', 'Airobotics', 'iLoF', 'Unravel', 'SpyCloud', 'FarEye', 'LoginRadius', 'Webiny', 'GrowthSpace', 'Skedulo', 'LottieFiles', 'Vertical Aerospace', 'Envisagenics', 'Make.TV', 'Trusona', 'Private AI', 'Loggi']
2022-12-23 17:32:38,053:INFO:Companies in M12 list, new from baseline list:[]
